# JRE version: Java(TM) SE Runtime Environment (8.0_181-b13) (build 1.8.0_181-b13)
# Java VM: Java HotSpot(TM) 64-Bit Server VM (25.181-b13 mixed mode bsd-amd64 compressed oops)
Heap:
 PSYoungGen      total 236544K, used 176960K [0x0000000795580000, 0x00000007a5700000, 0x00000007c0000000)
  eden space 222208K, 73% used [0x0000000795580000,0x000000079f456c68,0x00000007a2e80000)
  from space 14336K, 99% used [0x00000007a4900000,0x00000007a56f9458,0x00000007a5700000)
  to   space 16384K, 0% used [0x00000007a3700000,0x00000007a3700000,0x00000007a4700000)
 ParOldGen       total 90112K, used 20575K [0x0000000740000000, 0x0000000745800000, 0x0000000795580000)
  object space 90112K, 22% used [0x0000000740000000,0x0000000741417f70,0x0000000745800000)
 Metaspace       used 49015K, capacity 51470K, committed 51712K, reserved 1093632K
  class space    used 6657K, capacity 7117K, committed 7168K, reserved 1048576K
GC Heap History (10 events):
Event: 5.168 GC heap before
{Heap before GC invocations=8 (full 1):
 PSYoungGen      total 113664K, used 113276K [0x0000000795580000, 0x000000079e400000, 0x00000007c0000000)
  eden space 109568K, 100% used [0x0000000795580000,0x000000079c080000,0x000000079c080000)
  from space 4096K, 90% used [0x000000079e000000,0x000000079e39f1d0,0x000000079e400000)
  to   space 8704K, 0% used [0x000000079d300000,0x000000079d300000,0x000000079db80000)
 ParOldGen       total 54784K, used 7983K [0x0000000740000000, 0x0000000743580000, 0x0000000795580000)
  object space 54784K, 14% used [0x0000000740000000,0x00000007407cbff8,0x0000000743580000)
 Metaspace       used 26146K, capacity 27256K, committed 27392K, reserved 1073152K
  class space    used 3506K, capacity 3779K, committed 3840K, reserved 1048576K
Event: 5.178 GC heap after
Heap after GC invocations=8 (full 1):
 PSYoungGen      total 137216K, used 7888K [0x0000000795580000, 0x00000007a1380000, 0x00000007c0000000)
  eden space 128512K, 0% used [0x0000000795580000,0x0000000795580000,0x000000079d300000)
  from space 8704K, 90% used [0x000000079d300000,0x000000079dab41f8,0x000000079db80000)
  to   space 9728K, 0% used [0x00000007a0a00000,0x00000007a0a00000,0x00000007a1380000)
 ParOldGen       total 54784K, used 7991K [0x0000000740000000, 0x0000000743580000, 0x0000000795580000)
  object space 54784K, 14% used [0x0000000740000000,0x00000007407cdff8,0x0000000743580000)
 Metaspace       used 26146K, capacity 27256K, committed 27392K, reserved 1073152K
  class space    used 3506K, capacity 3779K, committed 3840K, reserved 1048576K
}
Event: 6.071 GC heap before
{Heap before GC invocations=9 (full 1):
 PSYoungGen      total 137216K, used 136400K [0x0000000795580000, 0x00000007a1380000, 0x00000007c0000000)
  eden space 128512K, 100% used [0x0000000795580000,0x000000079d300000,0x000000079d300000)
  from space 8704K, 90% used [0x000000079d300000,0x000000079dab41f8,0x000000079db80000)
  to   space 9728K, 0% used [0x00000007a0a00000,0x00000007a0a00000,0x00000007a1380000)
 ParOldGen       total 54784K, used 7991K [0x0000000740000000, 0x0000000743580000, 0x0000000795580000)
  object space 54784K, 14% used [0x0000000740000000,0x00000007407cdff8,0x0000000743580000)
 Metaspace       used 31081K, capacity 32632K, committed 32768K, reserved 1077248K
  class space    used 4169K, capacity 4505K, committed 4608K, reserved 1048576K
Event: 6.088 GC heap after
Heap after GC invocations=9 (full 1):
 PSYoungGen      total 181248K, used 9727K [0x0000000795580000, 0x00000007a3680000, 0x00000007c0000000)
  eden space 171520K, 0% used [0x0000000795580000,0x0000000795580000,0x000000079fd00000)
  from space 9728K, 99% used [0x00000007a0a00000,0x00000007a137fcf0,0x00000007a1380000)
  to   space 13312K, 0% used [0x000000079fd00000,0x000000079fd00000,0x00000007a0a00000)
 ParOldGen       total 54784K, used 13168K [0x0000000740000000, 0x0000000743580000, 0x0000000795580000)
  object space 54784K, 24% used [0x0000000740000000,0x0000000740cdc330,0x0000000743580000)
 Metaspace       used 31081K, capacity 32632K, committed 32768K, reserved 1077248K
  class space    used 4169K, capacity 4505K, committed 4608K, reserved 1048576K
}
Event: 6.576 GC heap before
{Heap before GC invocations=10 (full 1):
 PSYoungGen      total 181248K, used 84188K [0x0000000795580000, 0x00000007a3680000, 0x00000007c0000000)
  eden space 171520K, 43% used [0x0000000795580000,0x0000000799e37698,0x000000079fd00000)
  from space 9728K, 99% used [0x00000007a0a00000,0x00000007a137fcf0,0x00000007a1380000)
  to   space 13312K, 0% used [0x000000079fd00000,0x000000079fd00000,0x00000007a0a00000)
 ParOldGen       total 54784K, used 13168K [0x0000000740000000, 0x0000000743580000, 0x0000000795580000)
  object space 54784K, 24% used [0x0000000740000000,0x0000000740cdc330,0x0000000743580000)
 Metaspace       used 33906K, capacity 35444K, committed 35496K, reserved 1079296K
  class space    used 4498K, capacity 4831K, committed 4864K, reserved 1048576K
Event: 6.593 GC heap after
Heap after GC invocations=10 (full 1):
 PSYoungGen      total 184832K, used 11797K [0x0000000795580000, 0x00000007a5780000, 0x00000007c0000000)
  eden space 171520K, 0% used [0x0000000795580000,0x0000000795580000,0x000000079fd00000)
  from space 13312K, 88% used [0x000000079fd00000,0x00000007a08855d0,0x00000007a0a00000)
  to   space 14848K, 0% used [0x00000007a4900000,0x00000007a4900000,0x00000007a5780000)
 ParOldGen       total 54784K, used 14959K [0x0000000740000000, 0x0000000743580000, 0x0000000795580000)
  object space 54784K, 27% used [0x0000000740000000,0x0000000740e9be40,0x0000000743580000)
 Metaspace       used 33906K, capacity 35444K, committed 35496K, reserved 1079296K
  class space    used 4498K, capacity 4831K, committed 4864K, reserved 1048576K
}
Event: 6.593 GC heap before
{Heap before GC invocations=11 (full 2):
 PSYoungGen      total 184832K, used 11797K [0x0000000795580000, 0x00000007a5780000, 0x00000007c0000000)
  eden space 171520K, 0% used [0x0000000795580000,0x0000000795580000,0x000000079fd00000)
  from space 13312K, 88% used [0x000000079fd00000,0x00000007a08855d0,0x00000007a0a00000)
  to   space 14848K, 0% used [0x00000007a4900000,0x00000007a4900000,0x00000007a5780000)
 ParOldGen       total 54784K, used 14959K [0x0000000740000000, 0x0000000743580000, 0x0000000795580000)
  object space 54784K, 27% used [0x0000000740000000,0x0000000740e9be40,0x0000000743580000)
 Metaspace       used 33906K, capacity 35444K, committed 35496K, reserved 1079296K
  class space    used 4498K, capacity 4831K, committed 4864K, reserved 1048576K
Event: 6.688 GC heap after
Heap after GC invocations=11 (full 2):
 PSYoungGen      total 184832K, used 0K [0x0000000795580000, 0x00000007a5780000, 0x00000007c0000000)
  eden space 171520K, 0% used [0x0000000795580000,0x0000000795580000,0x000000079fd00000)
  from space 13312K, 0% used [0x000000079fd00000,0x000000079fd00000,0x00000007a0a00000)
  to   space 14848K, 0% used [0x00000007a4900000,0x00000007a4900000,0x00000007a5780000)
 ParOldGen       total 90112K, used 20567K [0x0000000740000000, 0x0000000745800000, 0x0000000795580000)
  object space 90112K, 22% used [0x0000000740000000,0x0000000741415f70,0x0000000745800000)
 Metaspace       used 33906K, capacity 35444K, committed 35496K, reserved 1079296K
  class space    used 4498K, capacity 4831K, committed 4864K, reserved 1048576K
}
Event: 8.299 GC heap before
{Heap before GC invocations=12 (full 2):
 PSYoungGen      total 184832K, used 171520K [0x0000000795580000, 0x00000007a5780000, 0x00000007c0000000)
  eden space 171520K, 100% used [0x0000000795580000,0x000000079fd00000,0x000000079fd00000)
  from space 13312K, 0% used [0x000000079fd00000,0x000000079fd00000,0x00000007a0a00000)
  to   space 14848K, 0% used [0x00000007a4900000,0x00000007a4900000,0x00000007a5780000)
 ParOldGen       total 90112K, used 20567K [0x0000000740000000, 0x0000000745800000, 0x0000000795580000)
  object space 90112K, 22% used [0x0000000740000000,0x0000000741415f70,0x0000000745800000)
 Metaspace       used 45622K, capacity 47656K, committed 47872K, reserved 1091584K
  class space    used 6184K, capacity 6603K, committed 6656K, reserved 1048576K
Event: 8.316 GC heap after
Heap after GC invocations=12 (full 2):
 PSYoungGen      total 236544K, used 14309K [0x0000000795580000, 0x00000007a5700000, 0x00000007c0000000)
  eden space 222208K, 0% used [0x0000000795580000,0x0000000795580000,0x00000007a2e80000)
  from space 14336K, 99% used [0x00000007a4900000,0x00000007a56f9458,0x00000007a5700000)
  to   space 16384K, 0% used [0x00000007a3700000,0x00000007a3700000,0x00000007a4700000)
 ParOldGen       total 90112K, used 20575K [0x0000000740000000, 0x0000000745800000, 0x0000000795580000)
  object space 90112K, 22% used [0x0000000740000000,0x0000000741417f70,0x0000000745800000)
 Metaspace       used 45622K, capacity 47656K, committed 47872K, reserved 1091584K
  class space    used 6184K, capacity 6603K, committed 6656K, reserved 1048576K
}

